1 162
0 0.9833000122
1 0.0054492205
2 0.0016286671
3 0.0010487325
4 0.0007332464
5 0.0005583461
6 0.0004490066
7 0.0003739313
8 0.0003193156
9 0.0002779623
10 0.0002456611
11 0.0002197873
12 0.0001986297
13 0.0001810293
14 0.0001661750
15 0.0001534826
16 0.0001425208
17 0.0001329648
18 0.0001245655
19 0.0001171285
20 0.0001105003
21 0.0001045581
22 0.0000992024
23 0.0000943520
24 0.0000899396
25 0.0000859094
26 0.0000822147
27 0.0000788157
28 0.0000756789
29 0.0000727754
30 0.0000700805
31 0.0000675728
32 0.0000652336
33 0.0000630468
34 0.0000609980
35 0.0000590747
36 0.0000572659
37 0.0000555616
38 0.0000539532
39 0.0000524329
40 0.0000509937
41 0.0000496292
42 0.0000483339
43 0.0000471027
44 0.0000459309
45 0.0000448143
46 0.0000437492
47 0.0000427321
48 0.0000417598
49 0.0000408295
50 0.0000399384
51 0.0000390841
52 0.0000382645
53 0.0000374774
54 0.0000367210
55 0.0000359934
56 0.0000352931
57 0.0000346186
58 0.0000339684
59 0.0000333413
60 0.0000327360
61 0.0000321515
62 0.0000315866
63 0.0000310405
64 0.0000305121
65 0.0000300006
66 0.0000295052
67 0.0000290252
68 0.0000285598
69 0.0000281084
70 0.0000276704
71 0.0000272452
72 0.0000268322
73 0.0000264308
74 0.0000260407
75 0.0000256613
76 0.0000252923
77 0.0000249331
78 0.0000245833
79 0.0000242427
80 0.0000239109
81 0.0000235874
82 0.0000232721
83 0.0000229646
84 0.0000226646
85 0.0000223718
86 0.0000220859
87 0.0000218069
88 0.0000215343
89 0.0000212679
90 0.0000210076
91 0.0000207532
92 0.0000205044
93 0.0000202610
94 0.0000200230
95 0.0000197900
96 0.0000195620
97 0.0000193387
98 0.0000191201
99 0.0000189060
100 0.0000186962
101 0.0000184907
102 0.0000182892
103 0.0000180917
104 0.0000178981
105 0.0000177081
106 0.0000175218
107 0.0000173391
108 0.0000171597
109 0.0000169837
110 0.0000168109
111 0.0000166412
112 0.0000164745
113 0.0000163109
114 0.0000161501
115 0.0000159921
116 0.0000158369
117 0.0000156843
118 0.0000155343
119 0.0000153868
120 0.0000152417
121 0.0000150990
122 0.0000149586
123 0.0000148205
124 0.0000146846
125 0.0000145508
126 0.0000144191
127 0.0000142894
128 0.0000141616
129 0.0000140358
130 0.0000139118
131 0.0000137896
132 0.0000136692
133 0.0000135504
134 0.0000134333
135 0.0000133177
136 0.0000132037
137 0.0000130911
138 0.0000129799
139 0.0000128701
140 0.0000127615
141 0.0000126541
142 0.0000125477
143 0.0000124424
144 0.0000123380
145 0.0000122344
146 0.0000121314
147 0.0000120289
148 0.0000119266
149 0.0000118243
150 0.0000117216
151 0.0000116180
152 0.0000115129
153 0.0000114053
154 0.0000112939
155 0.0000111764
156 0.0000110493
157 0.0000109056
158 0.0000107328
159 0.0000105070
160 0.0000101216
161 0.0000089702
162 0.0000000000
