1 238
0 0.9467010627
1 0.0135685582
2 0.0047725551
3 0.0031639549
4 0.0022518857
5 0.0017386682
6 0.0014157849
7 0.0011927908
8 0.0010295174
9 0.0009050135
10 0.0008070134
11 0.0007278726
12 0.0006626153
13 0.0006078775
14 0.0005613050
15 0.0005212010
16 0.0004863097
17 0.0004556817
18 0.0004285852
19 0.0004044470
20 0.0003828113
21 0.0003633113
22 0.0003456485
23 0.0003295771
24 0.0003148933
25 0.0003014267
26 0.0002890332
27 0.0002775907
28 0.0002669949
29 0.0002571559
30 0.0002479964
31 0.0002394490
32 0.0002314548
33 0.0002239624
34 0.0002169264
35 0.0002103067
36 0.0002040679
37 0.0001981782
38 0.0001926095
39 0.0001873365
40 0.0001823364
41 0.0001775889
42 0.0001730754
43 0.0001687791
44 0.0001646850
45 0.0001607793
46 0.0001570493
47 0.0001534836
48 0.0001500716
49 0.0001468038
50 0.0001436712
51 0.0001406658
52 0.0001377799
53 0.0001350068
54 0.0001323399
55 0.0001297733
56 0.0001273016
57 0.0001249196
58 0.0001226225
59 0.0001204061
60 0.0001182660
61 0.0001161985
62 0.0001142000
63 0.0001122671
64 0.0001103966
65 0.0001085857
66 0.0001068316
67 0.0001051316
68 0.0001034832
69 0.0001018843
70 0.0001003327
71 0.0000988262
72 0.0000973629
73 0.0000959412
74 0.0000945591
75 0.0000932151
76 0.0000919078
77 0.0000906354
78 0.0000893969
79 0.0000881907
80 0.0000870157
81 0.0000858707
82 0.0000847545
83 0.0000836662
84 0.0000826046
85 0.0000815688
86 0.0000805579
87 0.0000795710
88 0.0000786074
89 0.0000776660
90 0.0000767463
91 0.0000758475
92 0.0000749688
93 0.0000741097
94 0.0000732694
95 0.0000724474
96 0.0000716432
97 0.0000708560
98 0.0000700854
99 0.0000693309
100 0.0000685920
101 0.0000678682
102 0.0000671590
103 0.0000664641
104 0.0000657830
105 0.0000651152
106 0.0000644604
107 0.0000638183
108 0.0000631885
109 0.0000625706
110 0.0000619643
111 0.0000613692
112 0.0000607852
113 0.0000602118
114 0.0000596487
115 0.0000590958
116 0.0000585527
117 0.0000580192
118 0.0000574950
119 0.0000569799
120 0.0000564737
121 0.0000559760
122 0.0000554869
123 0.0000550058
124 0.0000545328
125 0.0000540676
126 0.0000536101
127 0.0000531599
128 0.0000527170
129 0.0000522811
130 0.0000518522
131 0.0000514300
132 0.0000510144
133 0.0000506053
134 0.0000502024
135 0.0000498057
136 0.0000494150
137 0.0000490301
138 0.0000486510
139 0.0000482775
140 0.0000479095
141 0.0000475469
142 0.0000471895
143 0.0000468373
144 0.0000464901
145 0.0000461478
146 0.0000458103
147 0.0000454776
148 0.0000451494
149 0.0000448259
150 0.0000445067
151 0.0000441919
152 0.0000438812
153 0.0000435748
154 0.0000432725
155 0.0000429741
156 0.0000426797
157 0.0000423892
158 0.0000421023
159 0.0000418192
160 0.0000415397
161 0.0000412638
162 0.0000409913
163 0.0000407222
164 0.0000404565
165 0.0000401941
166 0.0000399349
167 0.0000396789
168 0.0000394259
169 0.0000391760
170 0.0000389291
171 0.0000386852
172 0.0000384441
173 0.0000382058
174 0.0000379703
175 0.0000377376
176 0.0000375075
177 0.0000372800
178 0.0000370551
179 0.0000368327
180 0.0000366128
181 0.0000363953
182 0.0000361803
183 0.0000359675
184 0.0000357571
185 0.0000355489
186 0.0000353430
187 0.0000351392
188 0.0000349376
189 0.0000347380
190 0.0000345405
191 0.0000343450
192 0.0000341515
193 0.0000339599
194 0.0000337702
195 0.0000335824
196 0.0000333964
197 0.0000332121
198 0.0000330296
199 0.0000328487
200 0.0000326695
201 0.0000324919
202 0.0000323159
203 0.0000321414
204 0.0000319684
205 0.0000317967
206 0.0000316265
207 0.0000314576
208 0.0000312899
209 0.0000311234
210 0.0000309581
211 0.0000307938
212 0.0000306305
213 0.0000304680
214 0.0000303064
215 0.0000301455
216 0.0000299851
217 0.0000298251
218 0.0000296654
219 0.0000295056
220 0.0000293457
221 0.0000291852
222 0.0000290239
223 0.0000288612
224 0.0000286966
225 0.0000285293
226 0.0000283584
227 0.0000281824
228 0.0000279996
229 0.0000278073
230 0.0000276018
231 0.0000273769
232 0.0000271231
233 0.0000268225
234 0.0000264430
235 0.0000259244
236 0.0000250028
237 0.0000221826
238 0.0000000000
