1 288
0 0.9697389655
1 0.0110935505
2 0.0031541344
3 0.0019876324
4 0.0013638800
5 0.0010222201
6 0.0008107036
7 0.0006666287
8 0.0005625250
9 0.0004841733
10 0.0004233092
11 0.0003748063
12 0.0003353368
13 0.0003026555
14 0.0002751964
15 0.0002518353
16 0.0002317448
17 0.0002143036
18 0.0001990360
19 0.0001855724
20 0.0001736211
21 0.0001629494
22 0.0001533692
23 0.0001447270
24 0.0001368963
25 0.0001297723
26 0.0001232669
27 0.0001173059
28 0.0001118265
29 0.0001067749
30 0.0001021049
31 0.0000977765
32 0.0000937553
33 0.0000900110
34 0.0000865173
35 0.0000832509
36 0.0000801913
37 0.0000773204
38 0.0000746221
39 0.0000720820
40 0.0000696873
41 0.0000674264
42 0.0000652891
43 0.0000632658
44 0.0000613483
45 0.0000595288
46 0.0000578004
47 0.0000561569
48 0.0000545924
49 0.0000531016
50 0.0000516799
51 0.0000503227
52 0.0000490260
53 0.0000477861
54 0.0000465995
55 0.0000454631
56 0.0000443740
57 0.0000433293
58 0.0000423267
59 0.0000413637
60 0.0000404383
61 0.0000395483
62 0.0000386920
63 0.0000378675
64 0.0000370732
65 0.0000363077
66 0.0000355694
67 0.0000348570
68 0.0000341693
69 0.0000335051
70 0.0000328632
71 0.0000322427
72 0.0000316426
73 0.0000310619
74 0.0000304997
75 0.0000299553
76 0.0000294279
77 0.0000289168
78 0.0000284212
79 0.0000279405
80 0.0000274740
81 0.0000270213
82 0.0000265817
83 0.0000261548
84 0.0000257399
85 0.0000253367
86 0.0000249447
87 0.0000245634
88 0.0000241925
89 0.0000238316
90 0.0000234802
91 0.0000231381
92 0.0000228049
93 0.0000224802
94 0.0000221639
95 0.0000218555
96 0.0000215548
97 0.0000212616
98 0.0000209755
99 0.0000206964
100 0.0000204240
101 0.0000201580
102 0.0000198984
103 0.0000196448
104 0.0000193970
105 0.0000191549
106 0.0000189184
107 0.0000186871
108 0.0000184610
109 0.0000182399
110 0.0000180236
111 0.0000178121
112 0.0000176050
113 0.0000174024
114 0.0000172041
115 0.0000170099
116 0.0000168198
117 0.0000166335
118 0.0000164511
119 0.0000162723
120 0.0000160972
121 0.0000159255
122 0.0000157572
123 0.0000155923
124 0.0000154305
125 0.0000152718
126 0.0000151162
127 0.0000149635
128 0.0000148137
129 0.0000146667
130 0.0000145224
131 0.0000143807
132 0.0000142417
133 0.0000141051
134 0.0000139710
135 0.0000138393
136 0.0000137099
137 0.0000135828
138 0.0000134579
139 0.0000133351
140 0.0000132144
141 0.0000130958
142 0.0000129792
143 0.0000128646
144 0.0000127519
145 0.0000126410
146 0.0000125319
147 0.0000124246
148 0.0000123191
149 0.0000122152
150 0.0000121130
151 0.0000120124
152 0.0000119134
153 0.0000118159
154 0.0000117199
155 0.0000116254
156 0.0000115324
157 0.0000114408
158 0.0000113505
159 0.0000112616
160 0.0000111740
161 0.0000110877
162 0.0000110027
163 0.0000109188
164 0.0000108363
165 0.0000107548
166 0.0000106746
167 0.0000105955
168 0.0000105175
169 0.0000104406
170 0.0000103647
171 0.0000102899
172 0.0000102161
173 0.0000101434
174 0.0000100716
175 0.0000100008
176 0.0000099309
177 0.0000098619
178 0.0000097939
179 0.0000097267
180 0.0000096604
181 0.0000095950
182 0.0000095304
183 0.0000094666
184 0.0000094037
185 0.0000093415
186 0.0000092801
187 0.0000092195
188 0.0000091596
189 0.0000091005
190 0.0000090421
191 0.0000089844
192 0.0000089273
193 0.0000088710
194 0.0000088153
195 0.0000087603
196 0.0000087060
197 0.0000086523
198 0.0000085992
199 0.0000085467
200 0.0000084948
201 0.0000084435
202 0.0000083928
203 0.0000083427
204 0.0000082931
205 0.0000082441
206 0.0000081956
207 0.0000081476
208 0.0000081002
209 0.0000080533
210 0.0000080069
211 0.0000079610
212 0.0000079156
213 0.0000078707
214 0.0000078262
215 0.0000077822
216 0.0000077387
217 0.0000076956
218 0.0000076530
219 0.0000076107
220 0.0000075690
221 0.0000075276
222 0.0000074867
223 0.0000074462
224 0.0000074060
225 0.0000073663
226 0.0000073269
227 0.0000072880
228 0.0000072494
229 0.0000072112
230 0.0000071733
231 0.0000071358
232 0.0000070987
233 0.0000070619
234 0.0000070254
235 0.0000069893
236 0.0000069535
237 0.0000069180
238 0.0000068829
239 0.0000068480
240 0.0000068135
241 0.0000067793
242 0.0000067453
243 0.0000067117
244 0.0000066783
245 0.0000066452
246 0.0000066124
247 0.0000065798
248 0.0000065476
249 0.0000065155
250 0.0000064837
251 0.0000064522
252 0.0000064209
253 0.0000063898
254 0.0000063590
255 0.0000063283
256 0.0000062979
257 0.0000062677
258 0.0000062376
259 0.0000062078
260 0.0000061781
261 0.0000061486
262 0.0000061192
263 0.0000060899
264 0.0000060608
265 0.0000060317
266 0.0000060028
267 0.0000059738
268 0.0000059449
269 0.0000059160
270 0.0000058871
271 0.0000058580
272 0.0000058288
273 0.0000057993
274 0.0000057695
275 0.0000057392
276 0.0000057083
277 0.0000056765
278 0.0000056435
279 0.0000056089
280 0.0000055718
281 0.0000055314
282 0.0000054857
283 0.0000054312
284 0.0000053616
285 0.0000052647
286 0.0000050867
287 0.0000045211
288 0.0000000000
