0 238
0 0.7779962508
1 0.0521073162
2 0.0189183722
3 0.0122805508
4 0.0085197240
5 0.0064665884
6 0.0052215785
7 0.0043875387
8 0.0037907821
9 0.0033431855
10 0.0029946134
11 0.0027147469
12 0.0024844574
13 0.0022911945
14 0.0021264047
15 0.0019840518
16 0.0018597410
17 0.0017501856
18 0.0016528715
19 0.0015658359
20 0.0014875217
21 0.0014166745
22 0.0013522724
23 0.0012934723
24 0.0012395734
25 0.0011899866
26 0.0011442146
27 0.0011018331
28 0.0010624788
29 0.0010258387
30 0.0009916410
31 0.0009596499
32 0.0009296583
33 0.0009014842
34 0.0008749675
35 0.0008499658
36 0.0008263532
37 0.0008040168
38 0.0007828562
39 0.0007627806
40 0.0007437088
41 0.0007255673
42 0.0007082896
43 0.0006918158
44 0.0006760905
45 0.0006610641
46 0.0006466912
47 0.0006329297
48 0.0006197418
49 0.0006070920
50 0.0005949482
51 0.0005832806
52 0.0005720618
53 0.0005612664
54 0.0005508706
55 0.0005408530
56 0.0005311931
57 0.0005218723
58 0.0005128727
59 0.0005041781
60 0.0004957734
61 0.0004876443
62 0.0004797774
63 0.0004721603
64 0.0004647810
65 0.0004576288
66 0.0004506935
67 0.0004439651
68 0.0004374345
69 0.0004310933
70 0.0004249332
71 0.0004189468
72 0.0004131265
73 0.0004074656
74 0.0004019577
75 0.0003965968
76 0.0003913769
77 0.0003862925
78 0.0003813386
79 0.0003765100
80 0.0003718022
81 0.0003672104
82 0.0003627309
83 0.0003583591
84 0.0003540915
85 0.0003499242
86 0.0003458539
87 0.0003418771
88 0.0003379907
89 0.0003341916
90 0.0003304770
91 0.0003268438
92 0.0003232899
93 0.0003198122
94 0.0003164085
95 0.0003130765
96 0.0003098138
97 0.0003066185
98 0.0003034883
99 0.0003004214
100 0.0002974157
101 0.0002944697
102 0.0002915813
103 0.0002887491
104 0.0002859712
105 0.0002832462
106 0.0002805727
107 0.0002779493
108 0.0002753743
109 0.0002728464
110 0.0002703647
111 0.0002679276
112 0.0002655339
113 0.0002631828
114 0.0002608728
115 0.0002586029
116 0.0002563722
117 0.0002541795
118 0.0002520242
119 0.0002499050
120 0.0002478210
121 0.0002457716
122 0.0002437557
123 0.0002417725
124 0.0002398213
125 0.0002379014
126 0.0002360119
127 0.0002341522
128 0.0002323215
129 0.0002305192
130 0.0002287445
131 0.0002269970
132 0.0002252759
133 0.0002235807
134 0.0002219109
135 0.0002202656
136 0.0002186446
137 0.0002170472
138 0.0002154731
139 0.0002139215
140 0.0002123920
141 0.0002108844
142 0.0002093978
143 0.0002079320
144 0.0002064866
145 0.0002050611
146 0.0002036552
147 0.0002022683
148 0.0002009002
149 0.0001995503
150 0.0001982187
151 0.0001969044
152 0.0001956075
153 0.0001943276
154 0.0001930642
155 0.0001918172
156 0.0001905861
157 0.0001893707
158 0.0001881705
159 0.0001869857
160 0.0001858154
161 0.0001846598
162 0.0001835184
163 0.0001823910
164 0.0001812772
165 0.0001801770
166 0.0001790901
167 0.0001780162
168 0.0001769549
169 0.0001759064
170 0.0001748699
171 0.0001738458
172 0.0001728335
173 0.0001718328
174 0.0001708435
175 0.0001698657
176 0.0001688988
177 0.0001679430
178 0.0001669978
179 0.0001660632
180 0.0001651390
181 0.0001642248
182 0.0001633208
183 0.0001624267
184 0.0001615422
185 0.0001606672
186 0.0001598017
187 0.0001589453
188 0.0001580981
189 0.0001572599
190 0.0001564302
191 0.0001556095
192 0.0001547972
193 0.0001539933
194 0.0001531976
195 0.0001524101
196 0.0001516306
197 0.0001508590
198 0.0001500952
199 0.0001493389
200 0.0001485904
201 0.0001478491
202 0.0001471152
203 0.0001463885
204 0.0001456688
205 0.0001449563
206 0.0001442505
207 0.0001435515
208 0.0001428594
209 0.0001421736
210 0.0001414945
211 0.0001408217
212 0.0001401552
213 0.0001394951
214 0.0001388410
215 0.0001381930
216 0.0001375509
217 0.0001369147
218 0.0001362844
219 0.0001356598
220 0.0001350407
221 0.0001344273
222 0.0001338194
223 0.0001332167
224 0.0001326196
225 0.0001320276
226 0.0001314409
227 0.0001308592
228 0.0001302828
229 0.0001297111
230 0.0001291445
231 0.0001285828
232 0.0001280258
233 0.0001274735
234 0.0001269259
235 0.0001263831
236 0.0001258446
237 0.0001253107
238 0.0001247813
