0 196
0 0.7781005097
1 0.0481493890
2 0.0183989310
3 0.0122864861
4 0.0087521998
5 0.0067702360
6 0.0055349885
7 0.0046882456
8 0.0040712227
9 0.0036018249
10 0.0032324190
11 0.0029336189
12 0.0026865128
13 0.0024784545
14 0.0023006775
15 0.0021469055
16 0.0020125173
17 0.0018940250
18 0.0017887438
19 0.0016945682
20 0.0016098219
21 0.0015331526
22 0.0014634561
23 0.0013998217
24 0.0013414905
25 0.0012878264
26 0.0012382899
27 0.0011924231
28 0.0011498328
29 0.0011101791
30 0.0010731692
31 0.0010385473
32 0.0010060889
33 0.0009755977
34 0.0009469003
35 0.0009198427
36 0.0008942878
37 0.0008701148
38 0.0008472138
39 0.0008254871
40 0.0008048468
41 0.0007852133
42 0.0007665148
43 0.0007486859
44 0.0007316674
45 0.0007154052
46 0.0006998500
47 0.0006849569
48 0.0006706841
49 0.0006569939
50 0.0006438512
51 0.0006312241
52 0.0006190824
53 0.0006073990
54 0.0005961483
55 0.0005853067
56 0.0005748523
57 0.0005647646
58 0.0005550248
59 0.0005456150
60 0.0005365190
61 0.0005277212
62 0.0005192071
63 0.0005109634
64 0.0005029771
65 0.0004952367
66 0.0004877306
67 0.0004804488
68 0.0004733810
69 0.0004665181
70 0.0004598512
71 0.0004533721
72 0.0004470730
73 0.0004409465
74 0.0004349855
75 0.0004291834
76 0.0004235340
77 0.0004180314
78 0.0004126697
79 0.0004074438
80 0.0004023486
81 0.0003973790
82 0.0003925307
83 0.0003877992
84 0.0003831804
85 0.0003786702
86 0.0003742649
87 0.0003699608
88 0.0003657546
89 0.0003616427
90 0.0003576223
91 0.0003536902
92 0.0003498435
93 0.0003460796
94 0.0003423958
95 0.0003387894
96 0.0003352582
97 0.0003317998
98 0.0003284119
99 0.0003250924
100 0.0003218393
101 0.0003186506
102 0.0003155244
103 0.0003124588
104 0.0003094524
105 0.0003065030
106 0.0003036092
107 0.0003007695
108 0.0002979824
109 0.0002952465
110 0.0002925602
111 0.0002899222
112 0.0002873316
113 0.0002847865
114 0.0002822861
115 0.0002798292
116 0.0002774147
117 0.0002750414
118 0.0002727083
119 0.0002704143
120 0.0002681587
121 0.0002659402
122 0.0002637580
123 0.0002616113
124 0.0002594993
125 0.0002574211
126 0.0002553757
127 0.0002533625
128 0.0002513807
129 0.0002494296
130 0.0002475087
131 0.0002456169
132 0.0002437537
133 0.0002419186
134 0.0002401108
135 0.0002383298
136 0.0002365750
137 0.0002348456
138 0.0002331414
139 0.0002314616
140 0.0002298058
141 0.0002281735
142 0.0002265641
143 0.0002249772
144 0.0002234122
145 0.0002218690
146 0.0002203466
147 0.0002188451
148 0.0002173638
149 0.0002159023
150 0.0002144603
151 0.0002130373
152 0.0002116330
153 0.0002102470
154 0.0002088789
155 0.0002075285
156 0.0002061955
157 0.0002048793
158 0.0002035797
159 0.0002022965
160 0.0002010292
161 0.0001997776
162 0.0001985414
163 0.0001973203
164 0.0001961141
165 0.0001949225
166 0.0001937451
167 0.0001925818
168 0.0001914323
169 0.0001902964
170 0.0001891738
171 0.0001880643
172 0.0001869676
173 0.0001858835
174 0.0001848118
175 0.0001837523
176 0.0001827047
177 0.0001816690
178 0.0001806448
179 0.0001796320
180 0.0001786305
181 0.0001776399
182 0.0001766601
183 0.0001756910
184 0.0001747323
185 0.0001737839
186 0.0001728456
187 0.0001719172
188 0.0001709987
189 0.0001700898
190 0.0001691905
191 0.0001683004
192 0.0001674194
193 0.0001665477
194 0.0001656847
195 0.0001648305
196 0.0001639848
