0 162
0 0.8434049120
1 0.0314526854
2 0.0127018217
3 0.0087242374
4 0.0063711947
5 0.0050132622
6 0.0041432151
7 0.0035335389
8 0.0030817405
9 0.0027336741
10 0.0024572376
11 0.0022322102
12 0.0020453168
13 0.0018875169
14 0.0017524430
15 0.0016354784
16 0.0015331877
17 0.0014429597
18 0.0013627722
19 0.0012910333
20 0.0012264723
21 0.0011680619
22 0.0011149626
23 0.0010664810
24 0.0010220394
25 0.0009811537
26 0.0009434128
27 0.0009084675
28 0.0008760184
29 0.0008458071
30 0.0008176096
31 0.0007912316
32 0.0007665021
33 0.0007432712
34 0.0007214069
35 0.0007007919
36 0.0006813221
37 0.0006629048
38 0.0006454567
39 0.0006289034
40 0.0006131778
41 0.0005982191
42 0.0005839729
43 0.0005703891
44 0.0005574229
45 0.0005450327
46 0.0005331814
47 0.0005218343
48 0.0005109599
49 0.0005005294
50 0.0004905160
51 0.0004808954
52 0.0004716446
53 0.0004627431
54 0.0004541712
55 0.0004459108
56 0.0004379455
57 0.0004302597
58 0.0004228388
59 0.0004156696
60 0.0004087391
61 0.0004020359
62 0.0003955490
63 0.0003892679
64 0.0003831831
65 0.0003772855
66 0.0003715666
67 0.0003660184
68 0.0003606333
69 0.0003554043
70 0.0003503246
71 0.0003453880
72 0.0003405886
73 0.0003359205
74 0.0003313786
75 0.0003269578
76 0.0003226533
77 0.0003184605
78 0.0003143754
79 0.0003103934
80 0.0003065111
81 0.0003027246
82 0.0002990304
83 0.0002954252
84 0.0002919059
85 0.0002884693
86 0.0002851126
87 0.0002818328
88 0.0002786278
89 0.0002754947
90 0.0002724312
91 0.0002694350
92 0.0002665039
93 0.0002636358
94 0.0002608287
95 0.0002580806
96 0.0002553898
97 0.0002527544
98 0.0002501727
99 0.0002476432
100 0.0002451643
101 0.0002427344
102 0.0002403520
103 0.0002380159
104 0.0002357248
105 0.0002334771
106 0.0002312719
107 0.0002291079
108 0.0002269838
109 0.0002248988
110 0.0002228516
111 0.0002208412
112 0.0002188667
113 0.0002169270
114 0.0002150214
115 0.0002131490
116 0.0002113086
117 0.0002094998
118 0.0002077216
119 0.0002059731
120 0.0002042537
121 0.0002025628
122 0.0002008996
123 0.0001992632
124 0.0001976532
125 0.0001960690
126 0.0001945099
127 0.0001929752
128 0.0001914645
129 0.0001899772
130 0.0001885125
131 0.0001870703
132 0.0001856498
133 0.0001842507
134 0.0001828724
135 0.0001815144
136 0.0001801763
137 0.0001788578
138 0.0001775582
139 0.0001762772
140 0.0001750146
141 0.0001737696
142 0.0001725423
143 0.0001713319
144 0.0001701384
145 0.0001689611
146 0.0001677999
147 0.0001666546
148 0.0001655244
149 0.0001644095
150 0.0001633093
151 0.0001622236
152 0.0001611520
153 0.0001600944
154 0.0001590504
155 0.0001580197
156 0.0001570023
157 0.0001559976
158 0.0001550054
159 0.0001540258
160 0.0001530582
161 0.0001521024
162 0.0001511585
