0 288
0 0.7957458833
1 0.0502056331
2 0.0197193727
3 0.0131449503
4 0.0092377223
5 0.0069758665
6 0.0055333644
7 0.0045350906
8 0.0038090605
9 0.0032628021
10 0.0028406335
11 0.0025070190
12 0.0022383915
13 0.0020186020
14 0.0018362587
15 0.0016831210
16 0.0015530997
17 0.0014416118
18 0.0013451553
19 0.0012610159
20 0.0011870654
21 0.0011216165
22 0.0010633176
23 0.0010110779
24 0.0009640079
25 0.0009213782
26 0.0008825861
27 0.0008471292
28 0.0008145881
29 0.0007846083
30 0.0007568910
31 0.0007311804
32 0.0007072586
33 0.0006849376
34 0.0006640552
35 0.0006444706
36 0.0006260608
37 0.0006087187
38 0.0005923495
39 0.0005768701
40 0.0005622062
41 0.0005482926
42 0.0005350705
43 0.0005224877
44 0.0005104970
45 0.0004990559
46 0.0004881263
47 0.0004776735
48 0.0004676660
49 0.0004580749
50 0.0004488745
51 0.0004400402
52 0.0004315507
53 0.0004233852
54 0.0004155258
55 0.0004079543
56 0.0004006561
57 0.0003936155
58 0.0003868195
59 0.0003802549
60 0.0003739103
61 0.0003677747
62 0.0003618376
63 0.0003560899
64 0.0003505221
65 0.0003451262
66 0.0003398942
67 0.0003348184
68 0.0003298924
69 0.0003251093
70 0.0003204631
71 0.0003159479
72 0.0003115581
73 0.0003072886
74 0.0003031348
75 0.0002990919
76 0.0002951553
77 0.0002913210
78 0.0002875850
79 0.0002839436
80 0.0002803934
81 0.0002769307
82 0.0002735525
83 0.0002702559
84 0.0002670377
85 0.0002638952
86 0.0002608257
87 0.0002578269
88 0.0002548962
89 0.0002520313
90 0.0002492302
91 0.0002464906
92 0.0002438105
93 0.0002411882
94 0.0002386215
95 0.0002361089
96 0.0002336487
97 0.0002312392
98 0.0002288787
99 0.0002265661
100 0.0002242996
101 0.0002220781
102 0.0002199001
103 0.0002177644
104 0.0002156698
105 0.0002136150
106 0.0002115990
107 0.0002096207
108 0.0002076790
109 0.0002057730
110 0.0002039015
111 0.0002020639
112 0.0002002590
113 0.0001984861
114 0.0001967443
115 0.0001950327
116 0.0001933507
117 0.0001916974
118 0.0001900721
119 0.0001884741
120 0.0001869027
121 0.0001853573
122 0.0001838373
123 0.0001823420
124 0.0001808708
125 0.0001794231
126 0.0001779984
127 0.0001765961
128 0.0001752157
129 0.0001738568
130 0.0001725187
131 0.0001712010
132 0.0001699033
133 0.0001686252
134 0.0001673661
135 0.0001661256
136 0.0001649033
137 0.0001636989
138 0.0001625120
139 0.0001613422
140 0.0001601890
141 0.0001590522
142 0.0001579314
143 0.0001568263
144 0.0001557365
145 0.0001546617
146 0.0001536017
147 0.0001525561
148 0.0001515246
149 0.0001505069
150 0.0001495028
151 0.0001485121
152 0.0001475343
153 0.0001465692
154 0.0001456168
155 0.0001446767
156 0.0001437485
157 0.0001428322
158 0.0001419275
159 0.0001410341
160 0.0001401519
161 0.0001392806
162 0.0001384202
163 0.0001375702
164 0.0001367307
165 0.0001359012
166 0.0001350819
167 0.0001342723
168 0.0001334723
169 0.0001326818
170 0.0001319006
171 0.0001311285
172 0.0001303653
173 0.0001296110
174 0.0001288655
175 0.0001281283
176 0.0001273995
177 0.0001266790
178 0.0001259667
179 0.0001252622
180 0.0001245654
181 0.0001238765
182 0.0001231952
183 0.0001225212
184 0.0001218545
185 0.0001211951
186 0.0001205427
187 0.0001198973
188 0.0001192588
189 0.0001186270
190 0.0001180020
191 0.0001173833
192 0.0001167711
193 0.0001161654
194 0.0001155658
195 0.0001149723
196 0.0001143850
197 0.0001138035
198 0.0001132280
199 0.0001126582
200 0.0001120940
201 0.0001115356
202 0.0001109826
203 0.0001104350
204 0.0001098929
205 0.0001093560
206 0.0001088244
207 0.0001082978
208 0.0001077763
209 0.0001072598
210 0.0001067482
211 0.0001062414
212 0.0001057394
213 0.0001052422
214 0.0001047495
215 0.0001042614
216 0.0001037779
217 0.0001032988
218 0.0001028240
219 0.0001023535
220 0.0001018874
221 0.0001014255
222 0.0001009678
223 0.0001005142
224 0.0001000644
225 0.0000996188
226 0.0000991771
227 0.0000987393
228 0.0000983053
229 0.0000978750
230 0.0000974486
231 0.0000970258
232 0.0000966066
233 0.0000961910
234 0.0000957790
235 0.0000953705
236 0.0000949653
237 0.0000945637
238 0.0000941654
239 0.0000937704
240 0.0000933787
241 0.0000929902
242 0.0000926050
243 0.0000922228
244 0.0000918438
245 0.0000914679
246 0.0000910950
247 0.0000907252
248 0.0000903583
249 0.0000899943
250 0.0000896332
251 0.0000892750
252 0.0000889197
253 0.0000885671
254 0.0000882173
255 0.0000878702
256 0.0000875258
257 0.0000871841
258 0.0000868451
259 0.0000865086
260 0.0000861748
261 0.0000858434
262 0.0000855145
263 0.0000851881
264 0.0000848643
265 0.0000845428
266 0.0000842237
267 0.0000839071
268 0.0000835927
269 0.0000832807
270 0.0000829709
271 0.0000826634
272 0.0000823583
273 0.0000820552
274 0.0000817545
275 0.0000814558
276 0.0000811594
277 0.0000808650
278 0.0000805727
279 0.0000802824
280 0.0000799944
281 0.0000797082
282 0.0000794242
283 0.0000791420
284 0.0000788618
285 0.0000785836
286 0.0000783073
287 0.0000780329
288 0.0000777604
