1 196
0 0.9428852108
1 0.0147463552
2 0.0052225157
3 0.0035007937
4 0.0025194508
5 0.0019585215
6 0.0015998674
7 0.0013491718
8 0.0011640845
9 0.0010221710
10 0.0009101050
11 0.0008194670
12 0.0007447064
13 0.0006820277
14 0.0006287509
15 0.0005829305
16 0.0005431203
17 0.0005082233
18 0.0004773925
19 0.0004499640
20 0.0004254102
21 0.0004033063
22 0.0003833073
23 0.0003651292
24 0.0003485370
25 0.0003333341
26 0.0003193548
27 0.0003064588
28 0.0002945263
29 0.0002834543
30 0.0002731541
31 0.0002635486
32 0.0002545705
33 0.0002461611
34 0.0002382687
35 0.0002308474
36 0.0002238569
37 0.0002172611
38 0.0002110279
39 0.0002051286
40 0.0001995374
41 0.0001942310
42 0.0001891885
43 0.0001843910
44 0.0001798211
45 0.0001754634
46 0.0001713035
47 0.0001673285
48 0.0001635264
49 0.0001598864
50 0.0001563984
51 0.0001530533
52 0.0001498425
53 0.0001467583
54 0.0001437934
55 0.0001409410
56 0.0001381951
57 0.0001355498
58 0.0001329997
59 0.0001305400
60 0.0001281659
61 0.0001258731
62 0.0001236576
63 0.0001215155
64 0.0001194434
65 0.0001174379
66 0.0001154959
67 0.0001136144
68 0.0001117908
69 0.0001100224
70 0.0001083068
71 0.0001066417
72 0.0001050249
73 0.0001034544
74 0.0001019283
75 0.0001004447
76 0.0000990019
77 0.0000975983
78 0.0000962322
79 0.0000949024
80 0.0000936072
81 0.0000923455
82 0.0000911159
83 0.0000899173
84 0.0000887485
85 0.0000876085
86 0.0000864962
87 0.0000854106
88 0.0000843508
89 0.0000833158
90 0.0000823049
91 0.0000813172
92 0.0000803520
93 0.0000794084
94 0.0000784858
95 0.0000775835
96 0.0000767008
97 0.0000758372
98 0.0000749919
99 0.0000741645
100 0.0000733544
101 0.0000725610
102 0.0000717839
103 0.0000710225
104 0.0000702764
105 0.0000695452
106 0.0000688283
107 0.0000681255
108 0.0000674362
109 0.0000667601
110 0.0000660968
111 0.0000654460
112 0.0000648074
113 0.0000641805
114 0.0000635651
115 0.0000629608
116 0.0000623674
117 0.0000617846
118 0.0000612120
119 0.0000606495
120 0.0000600967
121 0.0000595535
122 0.0000590195
123 0.0000584946
124 0.0000579784
125 0.0000574709
126 0.0000569717
127 0.0000564807
128 0.0000559976
129 0.0000555223
130 0.0000550547
131 0.0000545944
132 0.0000541413
133 0.0000536953
134 0.0000532562
135 0.0000528239
136 0.0000523981
137 0.0000519787
138 0.0000515656
139 0.0000511586
140 0.0000507576
141 0.0000503625
142 0.0000499730
143 0.0000495892
144 0.0000492109
145 0.0000488379
146 0.0000484701
147 0.0000481074
148 0.0000477497
149 0.0000473969
150 0.0000470488
151 0.0000467054
152 0.0000463666
153 0.0000460322
154 0.0000457022
155 0.0000453765
156 0.0000450548
157 0.0000447373
158 0.0000444236
159 0.0000441139
160 0.0000438079
161 0.0000435056
162 0.0000432068
163 0.0000429115
164 0.0000426196
165 0.0000423310
166 0.0000420455
167 0.0000417631
168 0.0000414836
169 0.0000412070
170 0.0000409330
171 0.0000406617
172 0.0000403928
173 0.0000401262
174 0.0000398617
175 0.0000395991
176 0.0000393382
177 0.0000390787
178 0.0000388204
179 0.0000385629
180 0.0000383058
181 0.0000380485
182 0.0000377904
183 0.0000375307
184 0.0000372681
185 0.0000370012
186 0.0000367280
187 0.0000364453
188 0.0000361488
189 0.0000358314
190 0.0000354813
191 0.0000350763
192 0.0000345755
193 0.0000339016
194 0.0000327089
195 0.0000290324
196 0.0000000000
